<?xml version="1.0" encoding="UTF-8"?>
<!-- Generated by org.testng.reporters.JUnitXMLReporter -->
<testsuite ignored="0" hostname="DESKTOP-PH3A7DM" failures="0" tests="4" name="Default test" time="101.992" errors="0" timestamp="2021-12-08T22:24:18 IST">
  <testcase classname="com.crm.qa.testcases.ContactTest" name="contactLableverify" time="0.085"/>
  <testcase classname="com.crm.qa.testcases.ContactTest" name="createContatc" time="4.209"/>
  <testcase classname="com.crm.qa.testcases.ContactTest" name="createContatc" time="3.888"/>
  <testcase classname="com.crm.qa.testcases.ContactTest" name="createContatc" time="3.756"/>
</testsuite> <!-- Default test -->
