<?xml version="1.0" encoding="UTF-8"?>
<!-- Generated by org.testng.reporters.JUnitXMLReporter -->
<testsuite ignored="0" hostname="DESKTOP-PH3A7DM" failures="1" tests="4" name="Test" time="80.06" errors="0" timestamp="2021-12-07T21:54:19 IST">
  <testcase classname="com.crm.qa.testcases.HomePageTest" name="verifyTitle" time="0.019">
    <failure type="java.lang.AssertionError" message="expected [Cogmento CRM1] but found [Cogmento CRM]">
      <![CDATA[java.lang.AssertionError: expected [Cogmento CRM1] but found [Cogmento CRM]
at com.crm.qa.testcases.HomePageTest.verifyTitle(HomePageTest.java:41)
at java.base/java.util.ArrayList.forEach(ArrayList.java:1511)
... Removed 33 stack frames]]>
    </failure>
  </testcase> <!-- verifyTitle -->
  <testcase classname="com.crm.qa.testcases.HomePageTest" name="verifyLable" time="0.051"/>
  <testcase classname="com.crm.qa.testcases.HomePageTest" name="serachfield" time="0.039"/>
  <testcase classname="com.crm.qa.testcases.HomePageTest" name="contactLink" time="4.366"/>
</testsuite> <!-- Test -->
