<?xml version="1.0" encoding="UTF-8"?>
<testng-results ignored="0" total="4" passed="4" failed="0" skipped="0">
  <reporter-output>
  </reporter-output>
  <suite started-at="2021-12-08T22:22:36 IST" name="Default suite" finished-at="2021-12-08T22:24:18 IST" duration-ms="101992">
    <groups>
    </groups>
    <test started-at="2021-12-08T22:22:36 IST" name="Default test" finished-at="2021-12-08T22:24:18 IST" duration-ms="101992">
      <class name="com.crm.qa.testcases.ContactTest">
        <test-method is-config="true" signature="Setup()[pri:0, instance:com.crm.qa.testcases.ContactTest@5e0826e7]" started-at="2021-12-08T22:22:36 IST" name="Setup" finished-at="2021-12-08T22:23:02 IST" duration-ms="26060" status="PASS">
          <reporter-output>
          </reporter-output>
        </test-method> <!-- Setup -->
        <test-method signature="contactLableverify()[pri:1, instance:com.crm.qa.testcases.ContactTest@5e0826e7]" started-at="2021-12-08T22:23:02 IST" name="contactLableverify" finished-at="2021-12-08T22:23:02 IST" duration-ms="85" status="PASS">
          <reporter-output>
          </reporter-output>
        </test-method> <!-- contactLableverify -->
        <test-method is-config="true" signature="teardown()[pri:0, instance:com.crm.qa.testcases.ContactTest@5e0826e7]" started-at="2021-12-08T22:23:02 IST" name="teardown" finished-at="2021-12-08T22:23:03 IST" duration-ms="750" status="PASS">
          <reporter-output>
          </reporter-output>
        </test-method> <!-- teardown -->
        <test-method is-config="true" signature="Setup()[pri:0, instance:com.crm.qa.testcases.ContactTest@5e0826e7]" started-at="2021-12-08T22:23:04 IST" name="Setup" finished-at="2021-12-08T22:23:24 IST" duration-ms="20691" status="PASS">
          <reporter-output>
          </reporter-output>
        </test-method> <!-- Setup -->
        <test-method signature="createContatc(java.lang.String,java.lang.String,java.lang.String)[pri:2, instance:com.crm.qa.testcases.ContactTest@5e0826e7]" started-at="2021-12-08T22:23:24 IST" name="createContatc" data-provider="getData" finished-at="2021-12-08T22:23:29 IST" duration-ms="4209" status="PASS">
          <params>
            <param index="0">
              <value>
                <![CDATA[Tom]]>
              </value>
            </param>
            <param index="1">
              <value>
                <![CDATA[Riddle]]>
              </value>
            </param>
            <param index="2">
              <value>
                <![CDATA[Google]]>
              </value>
            </param>
          </params>
          <reporter-output>
          </reporter-output>
        </test-method> <!-- createContatc -->
        <test-method is-config="true" signature="teardown()[pri:0, instance:com.crm.qa.testcases.ContactTest@5e0826e7]" started-at="2021-12-08T22:23:29 IST" name="teardown" finished-at="2021-12-08T22:23:30 IST" duration-ms="1161" status="PASS">
          <reporter-output>
          </reporter-output>
        </test-method> <!-- teardown -->
        <test-method is-config="true" signature="Setup()[pri:0, instance:com.crm.qa.testcases.ContactTest@5e0826e7]" started-at="2021-12-08T22:23:30 IST" name="Setup" finished-at="2021-12-08T22:23:49 IST" duration-ms="19573" status="PASS">
          <reporter-output>
          </reporter-output>
        </test-method> <!-- Setup -->
        <test-method signature="createContatc(java.lang.String,java.lang.String,java.lang.String)[pri:2, instance:com.crm.qa.testcases.ContactTest@5e0826e7]" started-at="2021-12-08T22:23:49 IST" name="createContatc" data-provider="getData" finished-at="2021-12-08T22:23:53 IST" duration-ms="3888" status="PASS">
          <params>
            <param index="0">
              <value>
                <![CDATA[John]]>
              </value>
            </param>
            <param index="1">
              <value>
                <![CDATA[Wick]]>
              </value>
            </param>
            <param index="2">
              <value>
                <![CDATA[apple]]>
              </value>
            </param>
          </params>
          <reporter-output>
          </reporter-output>
        </test-method> <!-- createContatc -->
        <test-method is-config="true" signature="teardown()[pri:0, instance:com.crm.qa.testcases.ContactTest@5e0826e7]" started-at="2021-12-08T22:23:53 IST" name="teardown" finished-at="2021-12-08T22:23:54 IST" duration-ms="372" status="PASS">
          <reporter-output>
          </reporter-output>
        </test-method> <!-- teardown -->
        <test-method is-config="true" signature="Setup()[pri:0, instance:com.crm.qa.testcases.ContactTest@5e0826e7]" started-at="2021-12-08T22:23:54 IST" name="Setup" finished-at="2021-12-08T22:24:13 IST" duration-ms="19418" status="PASS">
          <reporter-output>
          </reporter-output>
        </test-method> <!-- Setup -->
        <test-method signature="createContatc(java.lang.String,java.lang.String,java.lang.String)[pri:2, instance:com.crm.qa.testcases.ContactTest@5e0826e7]" started-at="2021-12-08T22:24:13 IST" name="createContatc" data-provider="getData" finished-at="2021-12-08T22:24:17 IST" duration-ms="3756" status="PASS">
          <params>
            <param index="0">
              <value>
                <![CDATA[terry]]>
              </value>
            </param>
            <param index="1">
              <value>
                <![CDATA[black]]>
              </value>
            </param>
            <param index="2">
              <value>
                <![CDATA[youtube]]>
              </value>
            </param>
          </params>
          <reporter-output>
          </reporter-output>
        </test-method> <!-- createContatc -->
        <test-method is-config="true" signature="teardown()[pri:0, instance:com.crm.qa.testcases.ContactTest@5e0826e7]" started-at="2021-12-08T22:24:17 IST" name="teardown" finished-at="2021-12-08T22:24:18 IST" duration-ms="930" status="PASS">
          <reporter-output>
          </reporter-output>
        </test-method> <!-- teardown -->
      </class> <!-- com.crm.qa.testcases.ContactTest -->
    </test> <!-- Default test -->
  </suite> <!-- Default suite -->
</testng-results>
